DEBUG:root:This is a debug log.
INFO:root:This is a info log.
WARNING:root:This is a warning log.
ERROR:root:This is a error log.
CRITICAL:root:This is a critical log.
DEBUG:root:This is a debug log.
INFO:root:This is a info log.
WARNING:root:This is a warning log.
ERROR:root:This is a error log.
CRITICAL:root:This is a critical log.
2019-03-10 13:42:47,264===DEBUG+++++(message)s
2019-03-10 13:42:47,264===INFO+++++(message)s
2019-03-10 13:42:47,264===WARNING+++++(message)s
2019-03-10 13:42:47,264===ERROR+++++(message)s
2019-03-10 13:42:47,265===CRITICAL+++++(message)s
2019-03-10 13:42:47,265===DEBUG+++++(message)s
2019-03-10 13:42:47,265===INFO+++++(message)s
2019-03-10 13:42:47,265===WARNING+++++(message)s
2019-03-10 13:42:47,265===ERROR+++++(message)s
2019-03-10 13:42:47,613===CRITICAL+++++(message)s
2019-03-10 13:44:13,793===DEBUG+++++This is a debug log.
2019-03-10 13:44:13,793===INFO+++++This is a info log.
2019-03-10 13:44:13,793===WARNING+++++This is a warning log.
2019-03-10 13:44:13,794===ERROR+++++This is a error log.
2019-03-10 13:44:13,794===CRITICAL+++++This is a critical log.
2019-03-10 13:44:13,794===DEBUG+++++This is a debug log.
2019-03-10 13:44:13,794===INFO+++++This is a info log.
2019-03-10 13:44:13,794===WARNING+++++This is a warning log.
2019-03-10 13:44:13,794===ERROR+++++This is a error log.
2019-03-10 13:44:13,794===CRITICAL+++++This is a critical log.
